android/app/build/intermediates/manifest_merge_blame_file/release/manifest-merger-blame-release-report.txt
1<?xml version="1.0" encoding="utf-8"?>
2<manifest xmlns:android="http://schemas.android.com/apk/res/android"
3    package="com.uesiap.geethavali"
4    android:versionCode="125"
5    android:versionName="12.5" >
6
7    <uses-sdk
8        android:minSdkVersion="21"
8-->src/main/AndroidManifest.xml
9        android:targetSdkVersion="34" />
9-->src/main/AndroidManifest.xml
10
11    <uses-permission android:name="android.permission.INTERNET" />
11-->src/main/AndroidManifest.xml:4:5-67
11-->src/main/AndroidManifest.xml:4:22-64
12    <uses-permission android:name="android.permission.ACCESS_NETWORK_STATE" />
12-->[:react-native-community_netinfo] AndroidManifest.xml:9:5-79
12-->[:react-native-community_netinfo] AndroidManifest.xml:9:22-76
13    <uses-permission android:name="android.permission.ACCESS_WIFI_STATE" />
13-->[:react-native-community_netinfo] AndroidManifest.xml:10:5-76
13-->[:react-native-community_netinfo] AndroidManifest.xml:10:22-73
14    <uses-permission android:name="android.permission.WAKE_LOCK" /> <!-- Required to read and write the expansion files on shared storage -->
14-->[:react-native-firebase_auth] AndroidManifest.xml:10:5-68
14-->[:react-native-firebase_auth] AndroidManifest.xml:10:22-65
15    <uses-permission android:name="android.permission.WRITE_EXTERNAL_STORAGE" /> <!-- Required to read and write the expansion files on shared storage for Android 11 -->
15-->[:react-native-blob-util] AndroidManifest.xml:28:5-81
15-->[:react-native-blob-util] AndroidManifest.xml:28:22-78
16    <uses-permission android:name="android.permission.READ_EXTERNAL_STORAGE" /> <!-- Required to to download files without a notification -->
16-->[:react-native-blob-util] AndroidManifest.xml:31:5-80
16-->[:react-native-blob-util] AndroidManifest.xml:31:22-77
17    <uses-permission android:name="android.permission.DOWNLOAD_WITHOUT_NOTIFICATION" />
17-->[:react-native-blob-util] AndroidManifest.xml:34:5-88
17-->[:react-native-blob-util] AndroidManifest.xml:34:22-85
18    <uses-permission android:name="android.permission.FOREGROUND_SERVICE" />
18-->[:react-native-track-player] AndroidManifest.xml:10:5-77
18-->[:react-native-track-player] AndroidManifest.xml:10:22-74
19    <uses-permission android:name="android.permission.FOREGROUND_SERVICE_MEDIA_PLAYBACK" /> <!-- Create a unique permission for your app and use it so only your app can receive your OneSignal messages. -->
19-->[:react-native-track-player] AndroidManifest.xml:11:5-92
19-->[:react-native-track-player] AndroidManifest.xml:11:22-89
20    <permission
20-->[com.onesignal:notifications:5.0.5] AndroidManifest.xml:10:5-12:47
21        android:name="com.uesiap.geethavali.permission.C2D_MESSAGE"
21-->[com.onesignal:notifications:5.0.5] AndroidManifest.xml:11:9-63
22        android:protectionLevel="signature" />
22-->[com.onesignal:notifications:5.0.5] AndroidManifest.xml:12:9-44
23
24    <uses-permission android:name="com.uesiap.geethavali.permission.C2D_MESSAGE" /> <!-- Required runtime permission to display notifications on Android 13 -->
24-->[com.onesignal:notifications:5.0.5] AndroidManifest.xml:14:5-79
24-->[com.onesignal:notifications:5.0.5] AndroidManifest.xml:14:22-76
25    <uses-permission android:name="android.permission.POST_NOTIFICATIONS" /> <!-- c2dm RECEIVE are basic requirements for push messages through Google's FCM -->
25-->[com.onesignal:notifications:5.0.5] AndroidManifest.xml:17:5-77
25-->[com.onesignal:notifications:5.0.5] AndroidManifest.xml:17:22-74
26    <uses-permission android:name="com.google.android.c2dm.permission.RECEIVE" />
26-->[com.onesignal:notifications:5.0.5] AndroidManifest.xml:19:5-82
26-->[com.onesignal:notifications:5.0.5] AndroidManifest.xml:19:22-79
27    <!--
28 Required so the device vibrates on receiving a push notification.
29         Vibration settings of the device still apply.
30    -->
31    <uses-permission android:name="android.permission.VIBRATE" />
31-->[com.onesignal:notifications:5.0.5] AndroidManifest.xml:24:5-66
31-->[com.onesignal:notifications:5.0.5] AndroidManifest.xml:24:22-63
32    <!--
33 Use to restore notifications the user hasn't interacted with.
34     They could be missed notifications if the user reboots their device if this isn't in place.
35    -->
36    <uses-permission android:name="android.permission.RECEIVE_BOOT_COMPLETED" /> <!-- START: ShortcutBadger -->
36-->[com.onesignal:notifications:5.0.5] AndroidManifest.xml:29:5-81
36-->[com.onesignal:notifications:5.0.5] AndroidManifest.xml:29:22-78
37    <!-- Samsung -->
38    <uses-permission android:name="com.sec.android.provider.badge.permission.READ" />
38-->[com.onesignal:notifications:5.0.5] AndroidManifest.xml:31:5-86
38-->[com.onesignal:notifications:5.0.5] AndroidManifest.xml:31:22-83
39    <uses-permission android:name="com.sec.android.provider.badge.permission.WRITE" /> <!-- HTC -->
39-->[com.onesignal:notifications:5.0.5] AndroidManifest.xml:32:5-87
39-->[com.onesignal:notifications:5.0.5] AndroidManifest.xml:32:22-84
40    <uses-permission android:name="com.htc.launcher.permission.READ_SETTINGS" />
40-->[com.onesignal:notifications:5.0.5] AndroidManifest.xml:33:5-81
40-->[com.onesignal:notifications:5.0.5] AndroidManifest.xml:33:22-78
41    <uses-permission android:name="com.htc.launcher.permission.UPDATE_SHORTCUT" /> <!-- Sony -->
41-->[com.onesignal:notifications:5.0.5] AndroidManifest.xml:34:5-83
41-->[com.onesignal:notifications:5.0.5] AndroidManifest.xml:34:22-80
42    <uses-permission android:name="com.sonyericsson.home.permission.BROADCAST_BADGE" />
42-->[com.onesignal:notifications:5.0.5] AndroidManifest.xml:35:5-88
42-->[com.onesignal:notifications:5.0.5] AndroidManifest.xml:35:22-85
43    <uses-permission android:name="com.sonymobile.home.permission.PROVIDER_INSERT_BADGE" /> <!-- Apex -->
43-->[com.onesignal:notifications:5.0.5] AndroidManifest.xml:36:5-92
43-->[com.onesignal:notifications:5.0.5] AndroidManifest.xml:36:22-89
44    <uses-permission android:name="com.anddoes.launcher.permission.UPDATE_COUNT" /> <!-- Solid -->
44-->[com.onesignal:notifications:5.0.5] AndroidManifest.xml:37:5-84
44-->[com.onesignal:notifications:5.0.5] AndroidManifest.xml:37:22-81
45    <uses-permission android:name="com.majeur.launcher.permission.UPDATE_BADGE" /> <!-- Huawei -->
45-->[com.onesignal:notifications:5.0.5] AndroidManifest.xml:38:5-83
45-->[com.onesignal:notifications:5.0.5] AndroidManifest.xml:38:22-80
46    <uses-permission android:name="com.huawei.android.launcher.permission.CHANGE_BADGE" />
46-->[com.onesignal:notifications:5.0.5] AndroidManifest.xml:39:5-91
46-->[com.onesignal:notifications:5.0.5] AndroidManifest.xml:39:22-88
47    <uses-permission android:name="com.huawei.android.launcher.permission.READ_SETTINGS" />
47-->[com.onesignal:notifications:5.0.5] AndroidManifest.xml:40:5-92
47-->[com.onesignal:notifications:5.0.5] AndroidManifest.xml:40:22-89
48    <uses-permission android:name="com.huawei.android.launcher.permission.WRITE_SETTINGS" /> <!-- ZUK -->
48-->[com.onesignal:notifications:5.0.5] AndroidManifest.xml:41:5-93
48-->[com.onesignal:notifications:5.0.5] AndroidManifest.xml:41:22-90
49    <uses-permission android:name="android.permission.READ_APP_BADGE" /> <!-- OPPO -->
49-->[com.onesignal:notifications:5.0.5] AndroidManifest.xml:42:5-73
49-->[com.onesignal:notifications:5.0.5] AndroidManifest.xml:42:22-70
50    <uses-permission android:name="com.oppo.launcher.permission.READ_SETTINGS" />
50-->[com.onesignal:notifications:5.0.5] AndroidManifest.xml:43:5-82
50-->[com.onesignal:notifications:5.0.5] AndroidManifest.xml:43:22-79
51    <uses-permission android:name="com.oppo.launcher.permission.WRITE_SETTINGS" /> <!-- EvMe -->
51-->[com.onesignal:notifications:5.0.5] AndroidManifest.xml:44:5-83
51-->[com.onesignal:notifications:5.0.5] AndroidManifest.xml:44:22-80
52    <uses-permission android:name="me.everything.badger.permission.BADGE_COUNT_READ" />
52-->[com.onesignal:notifications:5.0.5] AndroidManifest.xml:45:5-88
52-->[com.onesignal:notifications:5.0.5] AndroidManifest.xml:45:22-85
53    <uses-permission android:name="me.everything.badger.permission.BADGE_COUNT_WRITE" />
53-->[com.onesignal:notifications:5.0.5] AndroidManifest.xml:46:5-89
53-->[com.onesignal:notifications:5.0.5] AndroidManifest.xml:46:22-86
54    <!--
55         At a minimum the location module requires course permission, the app has the option
56         to also include ACCESS_FINE_LOCATION and/or ACCESS_BACKGROUND_LOCATION
57    -->
58    <uses-permission android:name="android.permission.ACCESS_COARSE_LOCATION" />
58-->[com.onesignal:location:5.0.5] AndroidManifest.xml:13:5-81
58-->[com.onesignal:location:5.0.5] AndroidManifest.xml:13:22-78
59
60    <queries>
60-->[androidx.test:runner:1.4.0] AndroidManifest.xml:24:5-28:15
61        <package android:name="androidx.test.orchestrator" />
61-->[androidx.test:runner:1.4.0] AndroidManifest.xml:25:9-62
61-->[androidx.test:runner:1.4.0] AndroidManifest.xml:25:18-59
62        <package android:name="androidx.test.services" />
62-->[androidx.test:runner:1.4.0] AndroidManifest.xml:26:9-58
62-->[androidx.test:runner:1.4.0] AndroidManifest.xml:26:18-55
63        <package android:name="com.google.android.apps.common.testing.services" />
63-->[androidx.test:runner:1.4.0] AndroidManifest.xml:27:9-83
63-->[androidx.test:runner:1.4.0] AndroidManifest.xml:27:18-80
64
65        <intent>
65-->[com.razorpay:standard-core:1.6.40] AndroidManifest.xml:11:9-17:18
66            <action android:name="android.intent.action.VIEW" />
66-->[com.onesignal:notifications:5.0.5] AndroidManifest.xml:76:17-69
66-->[com.onesignal:notifications:5.0.5] AndroidManifest.xml:76:25-66
67
68            <data
68-->[com.razorpay:standard-core:1.6.40] AndroidManifest.xml:14:13-16:38
69                android:mimeType="*/*"
69-->[com.razorpay:standard-core:1.6.40] AndroidManifest.xml:15:17-39
70                android:scheme="*" />
70-->[com.razorpay:standard-core:1.6.40] AndroidManifest.xml:16:17-35
71        </intent>
72        <intent>
72-->[com.razorpay:standard-core:1.6.40] AndroidManifest.xml:18:9-27:18
73            <action android:name="android.intent.action.VIEW" />
73-->[com.onesignal:notifications:5.0.5] AndroidManifest.xml:76:17-69
73-->[com.onesignal:notifications:5.0.5] AndroidManifest.xml:76:25-66
74
75            <category android:name="android.intent.category.BROWSABLE" />
75-->[com.razorpay:standard-core:1.6.40] AndroidManifest.xml:21:13-74
75-->[com.razorpay:standard-core:1.6.40] AndroidManifest.xml:21:23-71
76
77            <data
77-->[com.razorpay:standard-core:1.6.40] AndroidManifest.xml:14:13-16:38
78                android:host="pay"
79                android:mimeType="*/*"
79-->[com.razorpay:standard-core:1.6.40] AndroidManifest.xml:15:17-39
80                android:scheme="upi" />
80-->[com.razorpay:standard-core:1.6.40] AndroidManifest.xml:16:17-35
81        </intent>
82        <intent>
82-->[com.razorpay:standard-core:1.6.40] AndroidManifest.xml:28:9-30:18
83            <action android:name="android.intent.action.MAIN" />
83-->src/main/AndroidManifest.xml:21:13-65
83-->src/main/AndroidManifest.xml:21:21-62
84        </intent>
85        <intent>
85-->[com.razorpay:standard-core:1.6.40] AndroidManifest.xml:31:9-35:18
86            <action android:name="android.intent.action.SEND" />
86-->[com.razorpay:standard-core:1.6.40] AndroidManifest.xml:32:13-65
86-->[com.razorpay:standard-core:1.6.40] AndroidManifest.xml:32:21-62
87
88            <data android:mimeType="*/*" />
88-->[com.razorpay:standard-core:1.6.40] AndroidManifest.xml:14:13-16:38
88-->[com.razorpay:standard-core:1.6.40] AndroidManifest.xml:15:17-39
89        </intent>
90        <intent>
90-->[com.razorpay:standard-core:1.6.40] AndroidManifest.xml:36:9-38:18
91            <action android:name="rzp.device_token.share" />
91-->[com.razorpay:standard-core:1.6.40] AndroidManifest.xml:37:13-61
91-->[com.razorpay:standard-core:1.6.40] AndroidManifest.xml:37:21-58
92        </intent>
93    </queries>
94
95    <uses-feature
95-->[com.google.android.gms:play-services-maps:17.0.0] AndroidManifest.xml:26:5-28:35
96        android:glEsVersion="0x00020000"
96-->[com.google.android.gms:play-services-maps:17.0.0] AndroidManifest.xml:27:9-41
97        android:required="true" />
97-->[com.google.android.gms:play-services-maps:17.0.0] AndroidManifest.xml:28:9-32
98
99    <permission
99-->[androidx.core:core:1.9.0] AndroidManifest.xml:22:5-24:47
100        android:name="com.uesiap.geethavali.DYNAMIC_RECEIVER_NOT_EXPORTED_PERMISSION"
100-->[androidx.core:core:1.9.0] AndroidManifest.xml:23:9-81
101        android:protectionLevel="signature" />
101-->[androidx.core:core:1.9.0] AndroidManifest.xml:24:9-44
102
103    <uses-permission android:name="com.uesiap.geethavali.DYNAMIC_RECEIVER_NOT_EXPORTED_PERMISSION" />
103-->[androidx.core:core:1.9.0] AndroidManifest.xml:26:5-97
103-->[androidx.core:core:1.9.0] AndroidManifest.xml:26:22-94
104    <uses-permission android:name="com.google.android.finsky.permission.BIND_GET_INSTALL_REFERRER_SERVICE" />
104-->[com.android.installreferrer:installreferrer:1.1.2] AndroidManifest.xml:9:5-110
104-->[com.android.installreferrer:installreferrer:1.1.2] AndroidManifest.xml:9:22-107
105
106    <application
106-->src/main/AndroidManifest.xml:6:5-26:19
107        android:name="com.uesiap.geethavali.MainApplication"
107-->src/main/AndroidManifest.xml:7:7-38
108        android:allowBackup="false"
108-->src/main/AndroidManifest.xml:11:7-34
109        android:appComponentFactory="androidx.core.app.CoreComponentFactory"
109-->[androidx.core:core:1.9.0] AndroidManifest.xml:28:18-86
110        android:icon="@mipmap/ic_launcher"
110-->src/main/AndroidManifest.xml:9:7-41
111        android:label="@string/app_name"
111-->src/main/AndroidManifest.xml:8:7-39
112        android:roundIcon="@mipmap/ic_launcher_round"
112-->src/main/AndroidManifest.xml:10:7-52
113        android:theme="@style/AppTheme" >
113-->src/main/AndroidManifest.xml:12:7-38
114        <activity
114-->src/main/AndroidManifest.xml:13:7-24:18
115            android:name="com.uesiap.geethavali.MainActivity"
115-->src/main/AndroidManifest.xml:14:9-37
116            android:configChanges="keyboard|keyboardHidden|orientation|screenLayout|screenSize|smallestScreenSize|uiMode"
116-->src/main/AndroidManifest.xml:16:9-118
117            android:exported="true"
117-->src/main/AndroidManifest.xml:19:9-32
118            android:label="@string/app_name"
118-->src/main/AndroidManifest.xml:15:9-41
119            android:launchMode="singleTask"
119-->src/main/AndroidManifest.xml:17:9-40
120            android:windowSoftInputMode="adjustResize" >
120-->src/main/AndroidManifest.xml:18:9-51
121            <intent-filter>
121-->src/main/AndroidManifest.xml:20:9-23:25
122                <action android:name="android.intent.action.MAIN" />
122-->src/main/AndroidManifest.xml:21:13-65
122-->src/main/AndroidManifest.xml:21:21-62
123
124                <category android:name="android.intent.category.LAUNCHER" />
124-->src/main/AndroidManifest.xml:22:13-73
124-->src/main/AndroidManifest.xml:22:23-70
125            </intent-filter>
126        </activity>
127
128        <meta-data
128-->src/main/AndroidManifest.xml:25:13-111
129            android:name="com.facebook.sdk.ApplicationId"
129-->src/main/AndroidManifest.xml:25:24-69
130            android:value="@string/facebook_app_id" />
130-->src/main/AndroidManifest.xml:25:70-109
131
132        <activity
132-->[:react-native-razorpay] AndroidManifest.xml:10:9-12:86
133            android:name="com.razorpay.CheckoutActivity"
133-->[:react-native-razorpay] AndroidManifest.xml:11:13-57
134            android:configChanges="keyboard|keyboardHidden|orientation|screenSize"
134-->[:react-native-razorpay] AndroidManifest.xml:12:13-83
135            android:exported="false"
135-->[com.razorpay:standard-core:1.6.40] AndroidManifest.xml:54:13-37
136            android:theme="@style/CheckoutTheme" >
136-->[com.razorpay:standard-core:1.6.40] AndroidManifest.xml:55:13-49
137            <intent-filter>
137-->[com.razorpay:standard-core:1.6.40] AndroidManifest.xml:56:13-58:29
138                <action android:name="android.intent.action.MAIN" />
138-->src/main/AndroidManifest.xml:21:13-65
138-->src/main/AndroidManifest.xml:21:21-62
139            </intent-filter>
140        </activity>
141
142        <service
142-->[:react-native-firebase_messaging] AndroidManifest.xml:14:9-16:40
143            android:name="io.invertase.firebase.messaging.ReactNativeFirebaseMessagingHeadlessService"
143-->[:react-native-firebase_messaging] AndroidManifest.xml:15:13-103
144            android:exported="false" />
144-->[:react-native-firebase_messaging] AndroidManifest.xml:16:13-37
145        <service
145-->[:react-native-firebase_messaging] AndroidManifest.xml:17:9-23:19
146            android:name="io.invertase.firebase.messaging.ReactNativeFirebaseMessagingService"
146-->[:react-native-firebase_messaging] AndroidManifest.xml:18:13-95
147            android:exported="false" >
147-->[:react-native-firebase_messaging] AndroidManifest.xml:19:13-37
148            <intent-filter>
148-->[:react-native-firebase_messaging] AndroidManifest.xml:20:13-22:29
149                <action android:name="com.google.firebase.MESSAGING_EVENT" />
149-->[:react-native-firebase_messaging] AndroidManifest.xml:21:17-78
149-->[:react-native-firebase_messaging] AndroidManifest.xml:21:25-75
150            </intent-filter>
151        </service>
152
153        <receiver
153-->[:react-native-firebase_messaging] AndroidManifest.xml:25:9-32:20
154            android:name="io.invertase.firebase.messaging.ReactNativeFirebaseMessagingReceiver"
154-->[:react-native-firebase_messaging] AndroidManifest.xml:26:13-96
155            android:exported="true"
155-->[:react-native-firebase_messaging] AndroidManifest.xml:27:13-36
156            android:permission="com.google.android.c2dm.permission.SEND" >
156-->[:react-native-firebase_messaging] AndroidManifest.xml:28:13-73
157            <intent-filter>
157-->[:react-native-firebase_messaging] AndroidManifest.xml:29:13-31:29
158                <action android:name="com.google.android.c2dm.intent.RECEIVE" />
158-->[:react-native-firebase_messaging] AndroidManifest.xml:30:17-81
158-->[:react-native-firebase_messaging] AndroidManifest.xml:30:25-78
159            </intent-filter>
160        </receiver>
161
162        <meta-data
162-->[:react-native-firebase_messaging] AndroidManifest.xml:34:9-36:36
163            android:name="firebase_messaging_auto_init_enabled"
163-->[:react-native-firebase_messaging] AndroidManifest.xml:35:13-64
164            android:value="true" />
164-->[:react-native-firebase_messaging] AndroidManifest.xml:36:13-33
165        <meta-data
165-->[:react-native-firebase_messaging] AndroidManifest.xml:37:9-39:32
166            android:name="com.google.firebase.messaging.default_notification_channel_id"
166-->[:react-native-firebase_messaging] AndroidManifest.xml:38:13-89
167            android:value="" />
167-->[:react-native-firebase_messaging] AndroidManifest.xml:39:13-29
168        <meta-data
168-->[:react-native-firebase_messaging] AndroidManifest.xml:40:9-42:47
169            android:name="com.google.firebase.messaging.default_notification_color"
169-->[:react-native-firebase_messaging] AndroidManifest.xml:41:13-84
170            android:resource="@color/white" />
170-->[:react-native-firebase_messaging] AndroidManifest.xml:42:13-44
171        <meta-data
171-->[:react-native-firebase_app] AndroidManifest.xml:11:9-13:36
172            android:name="app_data_collection_default_enabled"
172-->[:react-native-firebase_app] AndroidManifest.xml:12:13-63
173            android:value="true" />
173-->[:react-native-firebase_app] AndroidManifest.xml:13:13-33
174
175        <service
175-->[:react-native-firebase_app] AndroidManifest.xml:15:9-23:19
176            android:name="com.google.firebase.components.ComponentDiscoveryService"
176-->[:react-native-firebase_app] AndroidManifest.xml:16:13-84
177            android:directBootAware="true"
177-->[:react-native-firebase_app] AndroidManifest.xml:17:13-43
178            android:exported="false" >
178-->[:react-native-firebase_app] AndroidManifest.xml:18:13-37
179            <meta-data
179-->[:react-native-firebase_app] AndroidManifest.xml:20:13-22:85
180                android:name="com.google.firebase.components:io.invertase.firebase.app.ReactNativeFirebaseAppRegistrar"
180-->[:react-native-firebase_app] AndroidManifest.xml:21:17-120
181                android:value="com.google.firebase.components.ComponentRegistrar" />
181-->[:react-native-firebase_app] AndroidManifest.xml:22:17-82
182            <meta-data
182-->[com.google.firebase:firebase-messaging:23.1.1] AndroidManifest.xml:55:13-57:85
183                android:name="com.google.firebase.components:com.google.firebase.messaging.FirebaseMessagingRegistrar"
183-->[com.google.firebase:firebase-messaging:23.1.1] AndroidManifest.xml:56:17-119
184                android:value="com.google.firebase.components.ComponentRegistrar" />
184-->[com.google.firebase:firebase-messaging:23.1.1] AndroidManifest.xml:57:17-82
185            <meta-data
185-->[com.google.firebase:firebase-datatransport:18.1.7] AndroidManifest.xml:27:13-29:85
186                android:name="com.google.firebase.components:com.google.firebase.datatransport.TransportRegistrar"
186-->[com.google.firebase:firebase-datatransport:18.1.7] AndroidManifest.xml:28:17-115
187                android:value="com.google.firebase.components.ComponentRegistrar" />
187-->[com.google.firebase:firebase-datatransport:18.1.7] AndroidManifest.xml:29:17-82
188            <meta-data
188-->[com.google.firebase:firebase-auth:21.1.0] AndroidManifest.xml:67:13-69:85
189                android:name="com.google.firebase.components:com.google.firebase.auth.FirebaseAuthRegistrar"
189-->[com.google.firebase:firebase-auth:21.1.0] AndroidManifest.xml:68:17-109
190                android:value="com.google.firebase.components.ComponentRegistrar" />
190-->[com.google.firebase:firebase-auth:21.1.0] AndroidManifest.xml:69:17-82
191            <meta-data
191-->[com.google.firebase:firebase-installations:17.1.0] AndroidManifest.xml:17:13-19:85
192                android:name="com.google.firebase.components:com.google.firebase.installations.FirebaseInstallationsRegistrar"
192-->[com.google.firebase:firebase-installations:17.1.0] AndroidManifest.xml:18:17-127
193                android:value="com.google.firebase.components.ComponentRegistrar" />
193-->[com.google.firebase:firebase-installations:17.1.0] AndroidManifest.xml:19:17-82
194        </service>
195
196        <provider
196-->[:react-native-firebase_app] AndroidManifest.xml:25:9-29:38
197            android:name="io.invertase.firebase.app.ReactNativeFirebaseAppInitProvider"
197-->[:react-native-firebase_app] AndroidManifest.xml:26:13-88
198            android:authorities="com.uesiap.geethavali.reactnativefirebaseappinitprovider"
198-->[:react-native-firebase_app] AndroidManifest.xml:27:13-86
199            android:exported="false"
199-->[:react-native-firebase_app] AndroidManifest.xml:28:13-37
200            android:initOrder="99" />
200-->[:react-native-firebase_app] AndroidManifest.xml:29:13-35
201        <provider
201-->[:react-native-blob-util] AndroidManifest.xml:37:9-45:20
202            android:name="com.ReactNativeBlobUtil.Utils.FileProvider"
202-->[:react-native-blob-util] AndroidManifest.xml:38:13-70
203            android:authorities="com.uesiap.geethavali.provider"
203-->[:react-native-blob-util] AndroidManifest.xml:39:13-60
204            android:exported="false"
204-->[:react-native-blob-util] AndroidManifest.xml:40:13-37
205            android:grantUriPermissions="true" >
205-->[:react-native-blob-util] AndroidManifest.xml:41:13-47
206            <meta-data
206-->[:react-native-blob-util] AndroidManifest.xml:42:13-44:58
207                android:name="android.support.FILE_PROVIDER_PATHS"
207-->[:react-native-blob-util] AndroidManifest.xml:43:17-67
208                android:resource="@xml/provider_paths" />
208-->[:react-native-blob-util] AndroidManifest.xml:44:17-55
209        </provider>
210        <provider
210-->[:react-native-image-picker] AndroidManifest.xml:10:9-18:20
211            android:name="com.imagepicker.ImagePickerProvider"
211-->[:react-native-image-picker] AndroidManifest.xml:11:13-63
212            android:authorities="com.uesiap.geethavali.imagepickerprovider"
212-->[:react-native-image-picker] AndroidManifest.xml:12:13-71
213            android:exported="false"
213-->[:react-native-image-picker] AndroidManifest.xml:13:13-37
214            android:grantUriPermissions="true" >
214-->[:react-native-image-picker] AndroidManifest.xml:14:13-47
215            <meta-data
215-->[:react-native-blob-util] AndroidManifest.xml:42:13-44:58
216                android:name="android.support.FILE_PROVIDER_PATHS"
216-->[:react-native-blob-util] AndroidManifest.xml:43:17-67
217                android:resource="@xml/imagepicker_provider_paths" />
217-->[:react-native-blob-util] AndroidManifest.xml:44:17-55
218        </provider>
219        <provider
219-->[:react-native-share] AndroidManifest.xml:10:9-18:20
220            android:name="cl.json.RNShareFileProvider"
220-->[:react-native-share] AndroidManifest.xml:11:13-55
221            android:authorities="com.uesiap.geethavali.rnshare.fileprovider"
221-->[:react-native-share] AndroidManifest.xml:12:13-72
222            android:exported="false"
222-->[:react-native-share] AndroidManifest.xml:13:13-37
223            android:grantUriPermissions="true" >
223-->[:react-native-share] AndroidManifest.xml:14:13-47
224            <meta-data
224-->[:react-native-blob-util] AndroidManifest.xml:42:13-44:58
225                android:name="android.support.FILE_PROVIDER_PATHS"
225-->[:react-native-blob-util] AndroidManifest.xml:43:17-67
226                android:resource="@xml/share_download_paths" />
226-->[:react-native-blob-util] AndroidManifest.xml:44:17-55
227        </provider> <!-- The main service, handles playback, playlists and media buttons -->
228        <service
228-->[:react-native-track-player] AndroidManifest.xml:16:9-24:19
229            android:name="com.doublesymmetry.trackplayer.service.MusicService"
229-->[:react-native-track-player] AndroidManifest.xml:17:13-79
230            android:enabled="true"
230-->[:react-native-track-player] AndroidManifest.xml:18:13-35
231            android:exported="true"
231-->[:react-native-track-player] AndroidManifest.xml:19:13-36
232            android:foregroundServiceType="mediaPlayback" >
232-->[:react-native-track-player] AndroidManifest.xml:20:13-58
233            <intent-filter>
233-->[:react-native-track-player] AndroidManifest.xml:21:13-23:29
234                <action android:name="android.intent.action.MEDIA_BUTTON" />
234-->[:react-native-track-player] AndroidManifest.xml:22:17-77
234-->[:react-native-track-player] AndroidManifest.xml:22:25-74
235            </intent-filter>
236        </service>
237
238        <receiver
238-->[com.onesignal:notifications:5.0.5] AndroidManifest.xml:49:9-60:20
239            android:name="com.onesignal.notifications.receivers.FCMBroadcastReceiver"
239-->[com.onesignal:notifications:5.0.5] AndroidManifest.xml:50:13-86
240            android:exported="true"
240-->[com.onesignal:notifications:5.0.5] AndroidManifest.xml:51:13-36
241            android:permission="com.google.android.c2dm.permission.SEND" >
241-->[com.onesignal:notifications:5.0.5] AndroidManifest.xml:52:13-73
242
243            <!-- High priority so OneSignal payloads can be filtered from other FCM receivers -->
244            <intent-filter android:priority="999" >
244-->[com.onesignal:notifications:5.0.5] AndroidManifest.xml:55:13-59:29
244-->[com.onesignal:notifications:5.0.5] AndroidManifest.xml:55:28-50
245                <action android:name="com.google.android.c2dm.intent.RECEIVE" />
245-->[:react-native-firebase_messaging] AndroidManifest.xml:30:17-81
245-->[:react-native-firebase_messaging] AndroidManifest.xml:30:25-78
246
247                <category android:name="com.uesiap.geethavali" />
247-->[com.onesignal:notifications:5.0.5] AndroidManifest.xml:58:17-61
247-->[com.onesignal:notifications:5.0.5] AndroidManifest.xml:58:27-58
248            </intent-filter>
249        </receiver>
250
251        <service
251-->[com.onesignal:notifications:5.0.5] AndroidManifest.xml:62:9-68:19
252            android:name="com.onesignal.notifications.services.HmsMessageServiceOneSignal"
252-->[com.onesignal:notifications:5.0.5] AndroidManifest.xml:63:13-91
253            android:exported="false" >
253-->[com.onesignal:notifications:5.0.5] AndroidManifest.xml:64:13-37
254            <intent-filter>
254-->[com.onesignal:notifications:5.0.5] AndroidManifest.xml:65:13-67:29
255                <action android:name="com.huawei.push.action.MESSAGING_EVENT" />
255-->[com.onesignal:notifications:5.0.5] AndroidManifest.xml:66:17-81
255-->[com.onesignal:notifications:5.0.5] AndroidManifest.xml:66:25-78
256            </intent-filter>
257        </service>
258
259        <activity
259-->[com.onesignal:notifications:5.0.5] AndroidManifest.xml:70:9-78:20
260            android:name="com.onesignal.notifications.activities.NotificationOpenedActivityHMS"
260-->[com.onesignal:notifications:5.0.5] AndroidManifest.xml:71:13-96
261            android:exported="true"
261-->[com.onesignal:notifications:5.0.5] AndroidManifest.xml:72:13-36
262            android:noHistory="true"
262-->[com.onesignal:notifications:5.0.5] AndroidManifest.xml:73:13-37
263            android:theme="@android:style/Theme.Translucent.NoTitleBar" >
263-->[com.onesignal:notifications:5.0.5] AndroidManifest.xml:74:13-72
264            <intent-filter>
264-->[com.onesignal:notifications:5.0.5] AndroidManifest.xml:75:13-77:29
265                <action android:name="android.intent.action.VIEW" />
265-->[com.onesignal:notifications:5.0.5] AndroidManifest.xml:76:17-69